2014-05-04 13:39:08.762 phantomjs[9168:507] *** WARNING: Method userSpaceScaleFactor in class NSView is deprecated on 10.7 and later. It should not be used in new applications. Use convertRectToBacking: instead. 
PhantomJS is launching GhostDriver...
[INFO  - 2014-05-04T17:39:08.805Z] GhostDriver - Main - running on port 49678
[INFO  - 2014-05-04T17:39:09.234Z] Session [ff4fdbf0-d3b2-11e3-a70a-d54e993ba757] - _decorateNewWindow - page.settings: {"XSSAuditingEnabled":false,"javascriptCanCloseWindows":true,"javascriptCanOpenWindows":true,"javascriptEnabled":true,"loadImages":true,"localToRemoteUrlAccessEnabled":false,"userAgent":"Mozilla/5.0 (Macintosh; Intel Mac OS X) AppleWebKit/534.34 (KHTML, like Gecko) PhantomJS/1.9.2 Safari/534.34","webSecurityEnabled":true}
[INFO  - 2014-05-04T17:39:09.234Z] Session [ff4fdbf0-d3b2-11e3-a70a-d54e993ba757] - page.customHeaders:  - {}
[INFO  - 2014-05-04T17:39:09.234Z] Session [ff4fdbf0-d3b2-11e3-a70a-d54e993ba757] - CONSTRUCTOR - Desired Capabilities: {"platform":"ANY","browserName":"phantomjs","version":"","javascriptEnabled":true}
[INFO  - 2014-05-04T17:39:09.234Z] Session [ff4fdbf0-d3b2-11e3-a70a-d54e993ba757] - CONSTRUCTOR - Negotiated Capabilities: {"browserName":"phantomjs","version":"1.9.2","driverName":"ghostdriver","driverVersion":"1.0.4","platform":"mac-unknown-32bit","javascriptEnabled":true,"takesScreenshot":true,"handlesAlerts":false,"databaseEnabled":false,"locationContextEnabled":false,"applicationCacheEnabled":false,"browserConnectionEnabled":false,"cssSelectorsEnabled":true,"webStorageEnabled":false,"rotatable":false,"acceptSslCerts":false,"nativeEvents":true,"proxy":{"proxyType":"direct"}}
[INFO  - 2014-05-04T17:39:09.234Z] SessionManagerReqHand - _postNewSessionCommand - New Session Created: ff4fdbf0-d3b2-11e3-a70a-d54e993ba757
[ERROR - 2014-05-04T17:39:10.903Z] Session [ff4fdbf0-d3b2-11e3-a70a-d54e993ba757] - Page at 'https://github.com/login' - Console Error (msg): TypeError: 'undefined' is not a function (evaluating 'Array.prototype.forEach.call.bind(Array.prototype.forEach)')
[ERROR - 2014-05-04T17:39:10.903Z] Session [ff4fdbf0-d3b2-11e3-a70a-d54e993ba757] - Page at 'https://github.com/login' - Console Error (stack): [
  {
    "file": "https://github.global.ssl.fastly.net/assets/frameworks-2f6219cf5b1c2bab818848f5705fab73e1f57022.js",
    "line": 1,
    "function": ""
  },
  {
    "file": "https://github.global.ssl.fastly.net/assets/frameworks-2f6219cf5b1c2bab818848f5705fab73e1f57022.js",
    "line": 1,
    "function": ""
  }
]
[ERROR - 2014-05-04T17:39:10.932Z] Session [ff4fdbf0-d3b2-11e3-a70a-d54e993ba757] - Page at 'https://github.com/login' - Console Error (msg): ReferenceError: Can't find variable: $
[ERROR - 2014-05-04T17:39:10.933Z] Session [ff4fdbf0-d3b2-11e3-a70a-d54e993ba757] - Page at 'https://github.com/login' - Console Error (stack): [
  {
    "file": "https://github.global.ssl.fastly.net/assets/github-ffd625cd257eca73d06fae2e942802116ee6f8d9.js",
    "line": 1,
    "function": ""
  },
  {
    "file": "https://github.global.ssl.fastly.net/assets/github-ffd625cd257eca73d06fae2e942802116ee6f8d9.js",
    "line": 1,
    "function": ""
  }
]
[ERROR - 2014-05-04T17:39:11.715Z] Session [ff4fdbf0-d3b2-11e3-a70a-d54e993ba757] - Page at 'https://github.com/' - Console Error (msg): TypeError: 'undefined' is not a function (evaluating 'Array.prototype.forEach.call.bind(Array.prototype.forEach)')
[ERROR - 2014-05-04T17:39:11.715Z] Session [ff4fdbf0-d3b2-11e3-a70a-d54e993ba757] - Page at 'https://github.com/' - Console Error (stack): [
  {
    "file": "https://github.global.ssl.fastly.net/assets/frameworks-2f6219cf5b1c2bab818848f5705fab73e1f57022.js",
    "line": 1,
    "function": ""
  },
  {
    "file": "https://github.global.ssl.fastly.net/assets/frameworks-2f6219cf5b1c2bab818848f5705fab73e1f57022.js",
    "line": 1,
    "function": ""
  }
]
[ERROR - 2014-05-04T17:39:11.734Z] Session [ff4fdbf0-d3b2-11e3-a70a-d54e993ba757] - Page at 'https://github.com/' - Console Error (msg): ReferenceError: Can't find variable: $
[ERROR - 2014-05-04T17:39:11.734Z] Session [ff4fdbf0-d3b2-11e3-a70a-d54e993ba757] - Page at 'https://github.com/' - Console Error (stack): [
  {
    "file": "https://github.global.ssl.fastly.net/assets/github-ffd625cd257eca73d06fae2e942802116ee6f8d9.js",
    "line": 1,
    "function": ""
  },
  {
    "file": "https://github.global.ssl.fastly.net/assets/github-ffd625cd257eca73d06fae2e942802116ee6f8d9.js",
    "line": 1,
    "function": ""
  }
]
